{"level":"\u001b[32minfo\u001b[39m","message":"Server started on port 3000","timestamp":"2024-12-18T09:04:35.837Z"}
{"level":"\u001b[32minfo\u001b[39m","message":"Server started on port 3000","timestamp":"2024-12-18T09:13:49.675Z"}
{"level":"\u001b[32minfo\u001b[39m","message":"Server started on port 3000","timestamp":"2024-12-18T09:17:24.247Z"}
{"level":"\u001b[32minfo\u001b[39m","message":"Server started on port 3000","timestamp":"2024-12-18T09:17:45.074Z"}
{"level":"\u001b[32minfo\u001b[39m","message":"Server started on port 3000","timestamp":"2024-12-18T09:18:01.036Z"}
{"level":"\u001b[32minfo\u001b[39m","message":"Server started on port 3000","timestamp":"2024-12-18T09:18:15.595Z"}
{"level":"\u001b[32minfo\u001b[39m","message":"Server started on port 3000","timestamp":"2024-12-18T09:19:20.288Z"}
{"level":"\u001b[32minfo\u001b[39m","message":"Server started on port 3000","timestamp":"2024-12-18T09:20:11.939Z"}
{"level":"\u001b[32minfo\u001b[39m","message":"Server started on port 3000","timestamp":"2024-12-18T09:20:23.069Z"}
{"level":"\u001b[32minfo\u001b[39m","message":"Server started on port 3000","timestamp":"2024-12-18T09:20:25.438Z"}
{"level":"\u001b[32minfo\u001b[39m","message":"Server started on port 3000","timestamp":"2024-12-18T09:20:29.790Z"}
{"level":"\u001b[32minfo\u001b[39m","message":"Server started on port 3000","timestamp":"2024-12-18T09:20:34.778Z"}
{"level":"\u001b[32minfo\u001b[39m","message":"Server started on port 3000","timestamp":"2024-12-18T09:20:36.113Z"}
{"level":"\u001b[32minfo\u001b[39m","message":"Server started on port 3000","timestamp":"2024-12-18T09:20:39.165Z"}
{"level":"\u001b[32minfo\u001b[39m","message":"Server started on port 3000","timestamp":"2024-12-18T09:20:40.376Z"}
{"level":"\u001b[32minfo\u001b[39m","message":"Server started on port 3000","timestamp":"2024-12-18T09:20:43.515Z"}
{"level":"\u001b[32minfo\u001b[39m","message":"Server started on port 3000","timestamp":"2024-12-18T09:21:42.820Z"}
{"level":"\u001b[32minfo\u001b[39m","message":"Server started on port 3000","timestamp":"2024-12-18T09:22:19.897Z"}
{"level":"\u001b[32minfo\u001b[39m","message":"Server started on port 3000","timestamp":"2024-12-18T09:22:35.434Z"}
{"level":"\u001b[32minfo\u001b[39m","message":"Server started on port 3000","timestamp":"2024-12-18T09:22:37.773Z"}
{"level":"\u001b[32minfo\u001b[39m","message":"Server started on port 3000","timestamp":"2024-12-18T09:22:39.640Z"}
{"level":"\u001b[32minfo\u001b[39m","message":"Server started on port 3000","timestamp":"2024-12-18T09:22:39.647Z"}
{"level":"\u001b[32minfo\u001b[39m","message":"","timestamp":"2024-12-18T09:22:52.836Z"}
{"level":"\u001b[32minfo\u001b[39m","message":"Server started on port 3000","timestamp":"2024-12-18T09:22:52.843Z"}
{"level":"\u001b[32minfo\u001b[39m","timestamp":"2024-12-18T09:22:59.763Z"}
{"level":"\u001b[32minfo\u001b[39m","message":"Server started on port 3000","timestamp":"2024-12-18T09:22:59.770Z"}
{"level":"\u001b[32minfo\u001b[39m","timestamp":"2024-12-18T09:24:58.505Z"}
{"level":"\u001b[32minfo\u001b[39m","message":"Server started on port 3000","timestamp":"2024-12-18T09:24:58.512Z"}
{"level":"\u001b[32minfo\u001b[39m","timestamp":"2024-12-18T09:25:10.489Z"}
{"level":"\u001b[32minfo\u001b[39m","message":"Server started on port 3000","timestamp":"2024-12-18T09:25:10.495Z"}
{"level":"\u001b[32minfo\u001b[39m","timestamp":"2024-12-18T09:25:14.867Z"}
{"level":"\u001b[32minfo\u001b[39m","message":"Server started on port 3000","timestamp":"2024-12-18T09:25:14.873Z"}
{"level":"\u001b[32minfo\u001b[39m","timestamp":"2024-12-18T09:25:17.897Z"}
{"level":"\u001b[32minfo\u001b[39m","message":"Server started on port 3000","timestamp":"2024-12-18T09:25:17.904Z"}
{"level":"\u001b[32minfo\u001b[39m","timestamp":"2024-12-18T09:25:22.019Z"}
{"level":"\u001b[32minfo\u001b[39m","message":"Server started on port 3000","timestamp":"2024-12-18T09:25:22.026Z"}
{"level":"\u001b[32minfo\u001b[39m","timestamp":"2024-12-18T09:25:25.032Z"}
{"level":"\u001b[32minfo\u001b[39m","message":"Server started on port 3000","timestamp":"2024-12-18T09:25:25.040Z"}
{"level":"\u001b[32minfo\u001b[39m","timestamp":"2024-12-18T09:25:26.502Z"}
{"level":"\u001b[32minfo\u001b[39m","message":"Server started on port 3000","timestamp":"2024-12-18T09:25:26.509Z"}
{"level":"\u001b[32minfo\u001b[39m","timestamp":"2024-12-18T09:25:33.027Z"}
{"level":"\u001b[32minfo\u001b[39m","message":"Server started on port 3000","timestamp":"2024-12-18T09:25:33.034Z"}
{"level":"\u001b[32minfo\u001b[39m","timestamp":"2024-12-18T09:25:35.094Z"}
{"level":"\u001b[32minfo\u001b[39m","message":"Server started on port 3000","timestamp":"2024-12-18T09:25:35.100Z"}
{"level":"\u001b[32minfo\u001b[39m","timestamp":"2024-12-18T09:25:38.851Z"}
{"level":"\u001b[32minfo\u001b[39m","message":"Server started on port 3000","timestamp":"2024-12-18T09:25:38.858Z"}
{"level":"\u001b[32minfo\u001b[39m","timestamp":"2024-12-18T09:25:56.609Z"}
{"level":"\u001b[32minfo\u001b[39m","message":"Server started on port 3000","timestamp":"2024-12-18T09:25:56.617Z"}
{"level":"\u001b[32minfo\u001b[39m","timestamp":"2024-12-18T09:26:03.721Z"}
{"level":"\u001b[32minfo\u001b[39m","message":"Server started on port 3000","timestamp":"2024-12-18T09:26:03.727Z"}
{"level":"\u001b[32minfo\u001b[39m","timestamp":"2024-12-18T09:26:09.650Z"}
{"level":"\u001b[32minfo\u001b[39m","message":"Server started on port 3000","timestamp":"2024-12-18T09:26:09.656Z"}
{"level":"\u001b[32minfo\u001b[39m","timestamp":"2024-12-18T09:26:11.682Z"}
{"level":"\u001b[32minfo\u001b[39m","message":"Server started on port 3000","timestamp":"2024-12-18T09:26:11.689Z"}
{"level":"\u001b[32minfo\u001b[39m","timestamp":"2024-12-18T09:26:15.406Z"}
{"level":"\u001b[32minfo\u001b[39m","message":"Server started on port 3000","timestamp":"2024-12-18T09:26:15.412Z"}
{"level":"\u001b[32minfo\u001b[39m","timestamp":"2024-12-18T09:26:17.648Z"}
{"level":"\u001b[32minfo\u001b[39m","message":"Server started on port 3000","timestamp":"2024-12-18T09:26:17.654Z"}
{"level":"\u001b[32minfo\u001b[39m","timestamp":"2024-12-18T09:26:19.340Z"}
{"level":"\u001b[32minfo\u001b[39m","message":"Server started on port 3000","timestamp":"2024-12-18T09:26:19.347Z"}
{"level":"\u001b[32minfo\u001b[39m","timestamp":"2024-12-18T09:26:22.183Z"}
{"level":"\u001b[32minfo\u001b[39m","message":"Server started on port 3000","timestamp":"2024-12-18T09:26:22.190Z"}
{"level":"\u001b[32minfo\u001b[39m","timestamp":"2024-12-18T09:26:42.786Z"}
{"level":"\u001b[32minfo\u001b[39m","message":"Server started on port 3000","timestamp":"2024-12-18T09:26:42.792Z"}
{"level":"\u001b[32minfo\u001b[39m","timestamp":"2024-12-18T09:27:00.864Z"}
{"level":"\u001b[32minfo\u001b[39m","message":"Server started on port 3000","timestamp":"2024-12-18T09:27:00.871Z"}
{"level":"\u001b[32minfo\u001b[39m","timestamp":"2024-12-18T09:27:03.964Z"}
{"level":"\u001b[32minfo\u001b[39m","message":"Server started on port 3000","timestamp":"2024-12-18T09:27:03.971Z"}
{"level":"\u001b[32minfo\u001b[39m","timestamp":"2024-12-18T09:27:23.363Z"}
{"level":"\u001b[32minfo\u001b[39m","message":"Server started on port 3000","timestamp":"2024-12-18T09:27:23.370Z"}
{"level":"\u001b[32minfo\u001b[39m","timestamp":"2024-12-18T09:32:18.159Z"}
{"level":"\u001b[32minfo\u001b[39m","message":"Server started on port undefined","timestamp":"2024-12-18T09:32:18.167Z"}
{"level":"\u001b[32minfo\u001b[39m","timestamp":"2024-12-18T09:32:26.535Z"}
{"level":"\u001b[32minfo\u001b[39m","message":"Server started on port 3000","timestamp":"2024-12-18T09:32:26.542Z"}
{"level":"\u001b[32minfo\u001b[39m","timestamp":"2024-12-18T09:37:48.290Z"}
{"level":"\u001b[32minfo\u001b[39m","message":"Server started on port 3000","timestamp":"2024-12-18T09:37:48.298Z"}
{"level":"\u001b[32minfo\u001b[39m","timestamp":"2024-12-18T09:37:51.310Z"}
{"level":"\u001b[32minfo\u001b[39m","message":"Server started on port 3000","timestamp":"2024-12-18T09:37:51.317Z"}
{"level":"\u001b[32minfo\u001b[39m","timestamp":"2024-12-18T09:38:04.037Z"}
{"level":"\u001b[32minfo\u001b[39m","message":"Server started on port 3000","timestamp":"2024-12-18T09:38:04.044Z"}
{"code":"ENOENT","errno":-4058,"level":"\u001b[31merror\u001b[39m","path":"C:\\Users\\user\\OneDrive\\Desktop\\videoTube\\.env","syscall":"open","timestamp":"2024-12-18T09:38:06.738Z"}
{"level":"\u001b[32minfo\u001b[39m","timestamp":"2024-12-18T09:38:06.742Z"}
{"level":"\u001b[32minfo\u001b[39m","message":"Server started on port 3000","timestamp":"2024-12-18T09:38:06.747Z"}
{"code":"ENOENT","errno":-4058,"level":"\u001b[31merror\u001b[39m","path":"C:\\Users\\user\\OneDrive\\Desktop\\videoTube\\.env","syscall":"open","timestamp":"2024-12-18T09:38:18.992Z"}
{"level":"\u001b[32minfo\u001b[39m","timestamp":"2024-12-18T09:38:18.996Z"}
{"level":"\u001b[32minfo\u001b[39m","message":"Server started on port 3000","timestamp":"2024-12-18T09:38:19.000Z"}
{"code":"ENOENT","errno":-4058,"level":"\u001b[31merror\u001b[39m","path":"C:\\Users\\user\\OneDrive\\Desktop\\videoTube\\{ path: path.resolve(__dirname, '.env') }","syscall":"open","timestamp":"2024-12-18T09:39:10.669Z"}
{"level":"\u001b[32minfo\u001b[39m","timestamp":"2024-12-18T09:39:10.672Z"}
{"level":"\u001b[32minfo\u001b[39m","message":"Server started on port 3000","timestamp":"2024-12-18T09:39:10.677Z"}
{"level":"\u001b[32minfo\u001b[39m","message":"8000","timestamp":"2024-12-18T09:40:59.862Z"}
{"level":"\u001b[32minfo\u001b[39m","message":"Server started on port 8000","timestamp":"2024-12-18T09:40:59.869Z"}
{"level":"\u001b[32minfo\u001b[39m","message":"8000","timestamp":"2024-12-18T09:41:16.811Z"}
{"level":"\u001b[32minfo\u001b[39m","message":"Server started on port 8000","timestamp":"2024-12-18T09:41:16.819Z"}
{"level":"\u001b[32minfo\u001b[39m","message":"8000","timestamp":"2024-12-18T09:41:22.447Z"}
{"level":"\u001b[32minfo\u001b[39m","message":"Server started on port 8000","timestamp":"2024-12-18T09:41:22.454Z"}
{"level":"\u001b[32minfo\u001b[39m","message":"8000","timestamp":"2024-12-18T09:41:25.443Z"}
{"level":"\u001b[32minfo\u001b[39m","message":"Server started on port 8000","timestamp":"2024-12-18T09:41:25.450Z"}
{"level":"\u001b[32minfo\u001b[39m","message":"8000","timestamp":"2024-12-18T09:41:28.031Z"}
{"level":"\u001b[32minfo\u001b[39m","message":"Server started on port 8000","timestamp":"2024-12-18T09:41:28.038Z"}
{"level":"\u001b[32minfo\u001b[39m","message":"Server started on port 8000","timestamp":"2024-12-18T09:41:33.943Z"}
{"level":"\u001b[32minfo\u001b[39m","message":"Server started on port 8000","timestamp":"2024-12-18T09:46:02.648Z"}
{"level":"\u001b[32minfo\u001b[39m","message":"Server started on port 8000","timestamp":"2024-12-18T09:53:49.877Z"}
{"level":"\u001b[32minfo\u001b[39m","message":"Server started on port 8000","timestamp":"2024-12-18T09:54:00.175Z"}
{"level":"\u001b[32minfo\u001b[39m","message":"Server started on port 8000","timestamp":"2024-12-18T09:54:11.104Z"}
{"level":"\u001b[32minfo\u001b[39m","message":"Server started on port 8000","timestamp":"2024-12-18T09:54:13.890Z"}
{"level":"\u001b[32minfo\u001b[39m","message":"Server started on port 8000","timestamp":"2024-12-18T09:54:22.249Z"}
{"level":"\u001b[32minfo\u001b[39m","message":"Server started on port 8000","timestamp":"2024-12-18T09:54:25.132Z"}
{"level":"\u001b[32minfo\u001b[39m","message":"Server started on port 8000","timestamp":"2024-12-18T09:54:26.829Z"}
{"level":"\u001b[32minfo\u001b[39m","message":"Server started on port 8000","timestamp":"2024-12-18T09:54:33.660Z"}
{"level":"\u001b[32minfo\u001b[39m","message":"Server started on port 8000","timestamp":"2024-12-18T09:54:36.549Z"}
{"level":"\u001b[32minfo\u001b[39m","message":"Server started on port 8000","timestamp":"2024-12-18T09:54:41.754Z"}
{"level":"\u001b[32minfo\u001b[39m","message":"Server started on port 8000","timestamp":"2024-12-18T09:54:43.983Z"}
{"level":"\u001b[32minfo\u001b[39m","message":"Server started on port 8000","timestamp":"2024-12-18T09:54:52.582Z"}
{"level":"\u001b[32minfo\u001b[39m","message":"Server started on port 8000","timestamp":"2024-12-18T09:54:57.325Z"}
{"level":"\u001b[32minfo\u001b[39m","message":"Server started on port 8000","timestamp":"2024-12-18T09:54:58.822Z"}
{"level":"\u001b[32minfo\u001b[39m","message":"Server started on port 8000","timestamp":"2024-12-18T09:55:22.908Z"}
{"level":"\u001b[32minfo\u001b[39m","message":"Server started on port 8000","timestamp":"2024-12-18T09:55:25.242Z"}
{"level":"\u001b[32minfo\u001b[39m","message":"Server started on port 8000","timestamp":"2024-12-18T09:55:34.524Z"}
{"level":"\u001b[32minfo\u001b[39m","message":"Server started on port 8000","timestamp":"2024-12-18T10:03:22.575Z"}
{"level":"\u001b[32minfo\u001b[39m","message":"Server started on port 8000","timestamp":"2024-12-18T10:03:31.162Z"}
{"level":"\u001b[32minfo\u001b[39m","message":"Server started on port 8000","timestamp":"2024-12-18T10:03:32.211Z"}
{"level":"\u001b[32minfo\u001b[39m","message":"Server started on port 8000","timestamp":"2024-12-18T10:04:10.412Z"}
{"level":"\u001b[32minfo\u001b[39m","message":"Server started on port 8000","timestamp":"2024-12-18T10:04:20.523Z"}
{"level":"\u001b[32minfo\u001b[39m","message":"Server started on port 8000","timestamp":"2024-12-18T10:04:22.642Z"}
{"level":"\u001b[32minfo\u001b[39m","message":"Server started on port 8000","timestamp":"2024-12-18T10:04:24.278Z"}
{"level":"\u001b[32minfo\u001b[39m","message":"Server started on port 8000","timestamp":"2024-12-18T10:04:30.796Z"}
{"level":"\u001b[32minfo\u001b[39m","message":"Server started on port 8000","timestamp":"2024-12-18T10:15:34.134Z"}
{"level":"\u001b[32minfo\u001b[39m","message":"Server started on port 8000","timestamp":"2024-12-18T10:15:55.283Z"}
{"level":"\u001b[32minfo\u001b[39m","message":"Server started on port 8000","timestamp":"2024-12-18T10:15:57.030Z"}
{"level":"\u001b[32minfo\u001b[39m","message":"Server started on port 8000","timestamp":"2024-12-18T10:16:12.471Z"}
{"level":"\u001b[32minfo\u001b[39m","message":"Server started on port 8000","timestamp":"2024-12-18T10:16:14.080Z"}
{"level":"\u001b[32minfo\u001b[39m","message":"Server started on port 8000","timestamp":"2024-12-18T10:16:20.839Z"}
{"level":"\u001b[32minfo\u001b[39m","message":"Server started on port 8000","timestamp":"2024-12-18T10:18:30.992Z"}
{"level":"\u001b[32minfo\u001b[39m","message":"Server started on port 8000","timestamp":"2024-12-18T10:18:32.377Z"}
{"level":"\u001b[32minfo\u001b[39m","message":"Server started on port 8000","timestamp":"2024-12-18T10:18:34.983Z"}
{"level":"\u001b[32minfo\u001b[39m","message":"Server started on port 8000","timestamp":"2024-12-18T10:18:40.365Z"}
{"level":"\u001b[32minfo\u001b[39m","message":"Server started on port 8000","timestamp":"2024-12-18T10:18:42.440Z"}
{"level":"\u001b[32minfo\u001b[39m","message":"Server started on port 8000","timestamp":"2024-12-18T10:19:20.707Z"}
{"level":"\u001b[32minfo\u001b[39m","message":"Server started on port 8000","timestamp":"2024-12-18T10:19:25.990Z"}
{"level":"\u001b[32minfo\u001b[39m","message":"Server started on port 8000","timestamp":"2024-12-18T10:19:28.966Z"}
{"level":"\u001b[32minfo\u001b[39m","message":"Server started on port 8000","timestamp":"2024-12-18T10:19:31.195Z"}
{"level":"\u001b[32minfo\u001b[39m","message":"Server started on port 8000","timestamp":"2024-12-18T10:19:33.750Z"}
{"level":"\u001b[32minfo\u001b[39m","message":"Server started on port 8000","timestamp":"2024-12-18T10:19:55.801Z"}
{"level":"\u001b[32minfo\u001b[39m","message":"Server started on port 8000","timestamp":"2024-12-18T10:19:59.934Z"}
{"level":"\u001b[32minfo\u001b[39m","message":"Server started on port 8000","timestamp":"2024-12-18T10:20:03.275Z"}
{"level":"\u001b[32minfo\u001b[39m","message":"Server started on port 8000","timestamp":"2024-12-18T10:20:08.789Z"}
{"level":"\u001b[32minfo\u001b[39m","message":"Server started on port 8000","timestamp":"2024-12-18T10:20:10.343Z"}
{"level":"\u001b[32minfo\u001b[39m","message":"Server started on port 8000","timestamp":"2024-12-18T10:20:12.625Z"}
{"level":"\u001b[32minfo\u001b[39m","message":"Server started on port 8000","timestamp":"2024-12-18T10:20:13.762Z"}
{"level":"\u001b[32minfo\u001b[39m","message":"Server started on port 8000","timestamp":"2024-12-18T10:20:15.933Z"}
{"level":"\u001b[32minfo\u001b[39m","message":"Server started on port 8000","timestamp":"2024-12-18T10:20:17.881Z"}
{"level":"\u001b[32minfo\u001b[39m","message":"Server started on port 8000","timestamp":"2024-12-18T10:20:19.471Z"}
{"level":"\u001b[32minfo\u001b[39m","message":"Server started on port 8000","timestamp":"2024-12-18T10:20:27.305Z"}
{"level":"\u001b[32minfo\u001b[39m","message":"Server started on port 8000","timestamp":"2024-12-18T10:20:28.689Z"}
{"level":"\u001b[32minfo\u001b[39m","message":"Server started on port 8000","timestamp":"2024-12-18T10:20:33.485Z"}
{"level":"\u001b[32minfo\u001b[39m","message":"Server started on port 8000","timestamp":"2024-12-18T10:20:35.005Z"}
{"level":"\u001b[32minfo\u001b[39m","message":"Server started on port 8000","timestamp":"2024-12-18T10:20:40.140Z"}
{"level":"\u001b[32minfo\u001b[39m","message":"Server started on port 8000","timestamp":"2024-12-18T10:21:50.040Z"}
{"level":"\u001b[32minfo\u001b[39m","message":"Server started on port 8000","timestamp":"2024-12-18T10:21:51.040Z"}
{"level":"\u001b[32minfo\u001b[39m","message":"Server started on port 8000","timestamp":"2024-12-18T10:21:53.881Z"}
{"level":"\u001b[32minfo\u001b[39m","message":"Server started on port 8000","timestamp":"2024-12-18T10:22:02.872Z"}
{"level":"\u001b[32minfo\u001b[39m","message":"Server started on port 8000","timestamp":"2024-12-18T10:22:03.933Z"}
{"level":"\u001b[32minfo\u001b[39m","message":"Server started on port 8000","timestamp":"2024-12-18T10:22:12.191Z"}
{"level":"\u001b[32minfo\u001b[39m","message":"Server started on port 8000","timestamp":"2024-12-18T10:23:12.035Z"}
{"level":"\u001b[32minfo\u001b[39m","message":"Server started on port 8000","timestamp":"2024-12-18T10:23:46.725Z"}
{"level":"\u001b[32minfo\u001b[39m","message":"Server started on port 8000","timestamp":"2024-12-18T10:23:51.992Z"}
{"level":"\u001b[32minfo\u001b[39m","message":"Server started on port 8000","timestamp":"2024-12-18T10:23:53.203Z"}
{"level":"\u001b[32minfo\u001b[39m","message":"Server started on port 8000","timestamp":"2024-12-18T10:24:01.757Z"}
{"level":"\u001b[32minfo\u001b[39m","message":"Server started on port 8000","timestamp":"2024-12-18T10:24:03.948Z"}
{"level":"\u001b[32minfo\u001b[39m","message":"Server started on port 8000","timestamp":"2024-12-18T10:24:10.080Z"}
{"level":"\u001b[32minfo\u001b[39m","message":"Server started on port 8000","timestamp":"2024-12-18T10:26:11.000Z"}
{"level":"\u001b[32minfo\u001b[39m","message":"Server started on port 8000","timestamp":"2024-12-18T10:26:15.652Z"}
{"level":"\u001b[32minfo\u001b[39m","message":"Server started on port 8000","timestamp":"2024-12-18T10:26:44.901Z"}
{"level":"\u001b[32minfo\u001b[39m","message":"Server started on port 8000","timestamp":"2024-12-18T10:26:51.429Z"}
{"cause":{"code":"ERR_INVALID_URL","input":"iLoveJS://undefined:undefined"},"level":"\u001b[31merror\u001b[39m","message":"Error connecting to MongoDB: Unable to parse undefined:undefined with URL","stack":"MongoRuntimeError: Unable to parse undefined:undefined with URL\n    at new HostAddress (C:\\Users\\user\\OneDrive\\Desktop\\videoTube\\node_modules\\mongodb\\lib\\utils.js:748:34)\n    at fromString (C:\\Users\\user\\OneDrive\\Desktop\\videoTube\\node_modules\\mongodb\\lib\\utils.js:790:16)\n    at Array.map (<anonymous>)\n    at parseOptions (C:\\Users\\user\\OneDrive\\Desktop\\videoTube\\node_modules\\mongodb\\lib\\connection_string.js:194:45)\n    at new MongoClient (C:\\Users\\user\\OneDrive\\Desktop\\videoTube\\node_modules\\mongodb\\lib\\mongo_client.js:53:63)\n    at NativeConnection.createClient (C:\\Users\\user\\OneDrive\\Desktop\\videoTube\\node_modules\\mongoose\\lib\\drivers\\node-mongodb-native\\connection.js:312:14)\n    at NativeConnection.openUri (C:\\Users\\user\\OneDrive\\Desktop\\videoTube\\node_modules\\mongoose\\lib\\connection.js:1016:34)\n    at Mongoose.connect (C:\\Users\\user\\OneDrive\\Desktop\\videoTube\\node_modules\\mongoose\\lib\\mongoose.js:446:15)\n    at connectDB (file:///C:/Users/user/OneDrive/Desktop/videoTube/src/db/index.js:8:20)\n    at file:///C:/Users/user/OneDrive/Desktop/videoTube/src/app.js:9:1","timestamp":"2024-12-18T10:26:54.747Z"}
{"level":"\u001b[32minfo\u001b[39m","message":"Server started on port 8000","timestamp":"2024-12-18T10:26:54.752Z"}
{"cause":{"code":"ERR_INVALID_URL","input":"iLoveJS://undefined:undefined"},"level":"\u001b[31merror\u001b[39m","message":"Error connecting to MongoDB: Unable to parse undefined:undefined with URL","stack":"MongoRuntimeError: Unable to parse undefined:undefined with URL\n    at new HostAddress (C:\\Users\\user\\OneDrive\\Desktop\\videoTube\\node_modules\\mongodb\\lib\\utils.js:748:34)\n    at fromString (C:\\Users\\user\\OneDrive\\Desktop\\videoTube\\node_modules\\mongodb\\lib\\utils.js:790:16)\n    at Array.map (<anonymous>)\n    at parseOptions (C:\\Users\\user\\OneDrive\\Desktop\\videoTube\\node_modules\\mongodb\\lib\\connection_string.js:194:45)\n    at new MongoClient (C:\\Users\\user\\OneDrive\\Desktop\\videoTube\\node_modules\\mongodb\\lib\\mongo_client.js:53:63)\n    at NativeConnection.createClient (C:\\Users\\user\\OneDrive\\Desktop\\videoTube\\node_modules\\mongoose\\lib\\drivers\\node-mongodb-native\\connection.js:312:14)\n    at NativeConnection.openUri (C:\\Users\\user\\OneDrive\\Desktop\\videoTube\\node_modules\\mongoose\\lib\\connection.js:1016:34)\n    at Mongoose.connect (C:\\Users\\user\\OneDrive\\Desktop\\videoTube\\node_modules\\mongoose\\lib\\mongoose.js:446:15)\n    at connectDB (file:///C:/Users/user/OneDrive/Desktop/videoTube/src/db/index.js:8:20)\n    at file:///C:/Users/user/OneDrive/Desktop/videoTube/src/app.js:9:1","timestamp":"2024-12-18T10:27:04.986Z"}
{"level":"\u001b[32minfo\u001b[39m","message":"Server started on port 8000","timestamp":"2024-12-18T10:27:04.991Z"}
{"level":"\u001b[31merror\u001b[39m","message":"Error connecting to MongoDB: Invalid scheme, expected connection string to start with \"mongodb://\" or \"mongodb+srv://\"","stack":"MongoParseError: Invalid scheme, expected connection string to start with \"mongodb://\" or \"mongodb+srv://\"\n    at new ConnectionString (C:\\Users\\user\\OneDrive\\Desktop\\videoTube\\node_modules\\mongodb-connection-string-url\\lib\\index.js:86:19)\n    at parseOptions (C:\\Users\\user\\OneDrive\\Desktop\\videoTube\\node_modules\\mongodb\\lib\\connection_string.js:185:17)\n    at new MongoClient (C:\\Users\\user\\OneDrive\\Desktop\\videoTube\\node_modules\\mongodb\\lib\\mongo_client.js:53:63)\n    at NativeConnection.createClient (C:\\Users\\user\\OneDrive\\Desktop\\videoTube\\node_modules\\mongoose\\lib\\drivers\\node-mongodb-native\\connection.js:312:14)\n    at NativeConnection.openUri (C:\\Users\\user\\OneDrive\\Desktop\\videoTube\\node_modules\\mongoose\\lib\\connection.js:1016:34)\n    at Mongoose.connect (C:\\Users\\user\\OneDrive\\Desktop\\videoTube\\node_modules\\mongoose\\lib\\mongoose.js:446:15)\n    at connectDB (file:///C:/Users/user/OneDrive/Desktop/videoTube/src/db/index.js:8:20)\n    at file:///C:/Users/user/OneDrive/Desktop/videoTube/src/app.js:9:1\n    at ModuleJob.run (node:internal/modules/esm/module_job:222:25)\n    at async ModuleLoader.import (node:internal/modules/esm/loader:323:24)","timestamp":"2024-12-18T10:39:24.913Z"}
{"level":"\u001b[32minfo\u001b[39m","message":"Server started on port 8000","timestamp":"2024-12-18T10:39:24.918Z"}
{"level":"\u001b[31merror\u001b[39m","message":"Error connecting to MongoDB: Invalid scheme, expected connection string to start with \"mongodb://\" or \"mongodb+srv://\"","stack":"MongoParseError: Invalid scheme, expected connection string to start with \"mongodb://\" or \"mongodb+srv://\"\n    at new ConnectionString (C:\\Users\\user\\OneDrive\\Desktop\\videoTube\\node_modules\\mongodb-connection-string-url\\lib\\index.js:86:19)\n    at parseOptions (C:\\Users\\user\\OneDrive\\Desktop\\videoTube\\node_modules\\mongodb\\lib\\connection_string.js:185:17)\n    at new MongoClient (C:\\Users\\user\\OneDrive\\Desktop\\videoTube\\node_modules\\mongodb\\lib\\mongo_client.js:53:63)\n    at NativeConnection.createClient (C:\\Users\\user\\OneDrive\\Desktop\\videoTube\\node_modules\\mongoose\\lib\\drivers\\node-mongodb-native\\connection.js:312:14)\n    at NativeConnection.openUri (C:\\Users\\user\\OneDrive\\Desktop\\videoTube\\node_modules\\mongoose\\lib\\connection.js:1016:34)\n    at Mongoose.connect (C:\\Users\\user\\OneDrive\\Desktop\\videoTube\\node_modules\\mongoose\\lib\\mongoose.js:446:15)\n    at connectDB (file:///C:/Users/user/OneDrive/Desktop/videoTube/src/db/index.js:8:20)\n    at file:///C:/Users/user/OneDrive/Desktop/videoTube/src/app.js:9:1\n    at ModuleJob.run (node:internal/modules/esm/module_job:222:25)\n    at async ModuleLoader.import (node:internal/modules/esm/loader:323:24)","timestamp":"2024-12-18T10:40:14.382Z"}
{"level":"\u001b[32minfo\u001b[39m","message":"Server started on port 8000","timestamp":"2024-12-18T10:40:14.387Z"}
{"level":"\u001b[31merror\u001b[39m","message":"Error connecting to MongoDB: Invalid scheme, expected connection string to start with \"mongodb://\" or \"mongodb+srv://\"","stack":"MongoParseError: Invalid scheme, expected connection string to start with \"mongodb://\" or \"mongodb+srv://\"\n    at new ConnectionString (C:\\Users\\user\\OneDrive\\Desktop\\videoTube\\node_modules\\mongodb-connection-string-url\\lib\\index.js:86:19)\n    at parseOptions (C:\\Users\\user\\OneDrive\\Desktop\\videoTube\\node_modules\\mongodb\\lib\\connection_string.js:185:17)\n    at new MongoClient (C:\\Users\\user\\OneDrive\\Desktop\\videoTube\\node_modules\\mongodb\\lib\\mongo_client.js:53:63)\n    at NativeConnection.createClient (C:\\Users\\user\\OneDrive\\Desktop\\videoTube\\node_modules\\mongoose\\lib\\drivers\\node-mongodb-native\\connection.js:312:14)\n    at NativeConnection.openUri (C:\\Users\\user\\OneDrive\\Desktop\\videoTube\\node_modules\\mongoose\\lib\\connection.js:1016:34)\n    at Mongoose.connect (C:\\Users\\user\\OneDrive\\Desktop\\videoTube\\node_modules\\mongoose\\lib\\mongoose.js:446:15)\n    at connectDB (file:///C:/Users/user/OneDrive/Desktop/videoTube/src/db/index.js:8:20)\n    at file:///C:/Users/user/OneDrive/Desktop/videoTube/src/app.js:9:1\n    at ModuleJob.run (node:internal/modules/esm/module_job:222:25)\n    at async ModuleLoader.import (node:internal/modules/esm/loader:323:24)","timestamp":"2024-12-18T10:40:17.076Z"}
{"level":"\u001b[32minfo\u001b[39m","message":"Server started on port 8000","timestamp":"2024-12-18T10:40:17.080Z"}
{"level":"\u001b[31merror\u001b[39m","message":"Error connecting to MongoDB: Invalid scheme, expected connection string to start with \"mongodb://\" or \"mongodb+srv://\"","stack":"MongoParseError: Invalid scheme, expected connection string to start with \"mongodb://\" or \"mongodb+srv://\"\n    at new ConnectionString (C:\\Users\\user\\OneDrive\\Desktop\\videoTube\\node_modules\\mongodb-connection-string-url\\lib\\index.js:86:19)\n    at parseOptions (C:\\Users\\user\\OneDrive\\Desktop\\videoTube\\node_modules\\mongodb\\lib\\connection_string.js:185:17)\n    at new MongoClient (C:\\Users\\user\\OneDrive\\Desktop\\videoTube\\node_modules\\mongodb\\lib\\mongo_client.js:53:63)\n    at NativeConnection.createClient (C:\\Users\\user\\OneDrive\\Desktop\\videoTube\\node_modules\\mongoose\\lib\\drivers\\node-mongodb-native\\connection.js:312:14)\n    at NativeConnection.openUri (C:\\Users\\user\\OneDrive\\Desktop\\videoTube\\node_modules\\mongoose\\lib\\connection.js:1016:34)\n    at Mongoose.connect (C:\\Users\\user\\OneDrive\\Desktop\\videoTube\\node_modules\\mongoose\\lib\\mongoose.js:446:15)\n    at connectDB (file:///C:/Users/user/OneDrive/Desktop/videoTube/src/db/index.js:8:20)\n    at file:///C:/Users/user/OneDrive/Desktop/videoTube/src/app.js:9:1\n    at ModuleJob.run (node:internal/modules/esm/module_job:222:25)\n    at async ModuleLoader.import (node:internal/modules/esm/loader:323:24)","timestamp":"2024-12-18T10:41:03.989Z"}
{"level":"\u001b[32minfo\u001b[39m","message":"Server started on port 8000","timestamp":"2024-12-18T10:41:03.994Z"}
{"level":"\u001b[31merror\u001b[39m","message":"Error connecting to MongoDB: Invalid scheme, expected connection string to start with \"mongodb://\" or \"mongodb+srv://\"","stack":"MongoParseError: Invalid scheme, expected connection string to start with \"mongodb://\" or \"mongodb+srv://\"\n    at new ConnectionString (C:\\Users\\user\\OneDrive\\Desktop\\videoTube\\node_modules\\mongodb-connection-string-url\\lib\\index.js:86:19)\n    at parseOptions (C:\\Users\\user\\OneDrive\\Desktop\\videoTube\\node_modules\\mongodb\\lib\\connection_string.js:185:17)\n    at new MongoClient (C:\\Users\\user\\OneDrive\\Desktop\\videoTube\\node_modules\\mongodb\\lib\\mongo_client.js:53:63)\n    at NativeConnection.createClient (C:\\Users\\user\\OneDrive\\Desktop\\videoTube\\node_modules\\mongoose\\lib\\drivers\\node-mongodb-native\\connection.js:312:14)\n    at NativeConnection.openUri (C:\\Users\\user\\OneDrive\\Desktop\\videoTube\\node_modules\\mongoose\\lib\\connection.js:1016:34)\n    at Mongoose.connect (C:\\Users\\user\\OneDrive\\Desktop\\videoTube\\node_modules\\mongoose\\lib\\mongoose.js:446:15)\n    at connectDB (file:///C:/Users/user/OneDrive/Desktop/videoTube/src/db/index.js:10:20)\n    at file:///C:/Users/user/OneDrive/Desktop/videoTube/src/app.js:9:1\n    at ModuleJob.run (node:internal/modules/esm/module_job:222:25)\n    at async ModuleLoader.import (node:internal/modules/esm/loader:323:24)","timestamp":"2024-12-18T10:41:31.229Z"}
{"level":"\u001b[32minfo\u001b[39m","message":"Server started on port 8000","timestamp":"2024-12-18T10:41:31.234Z"}
{"level":"\u001b[31merror\u001b[39m","message":"Error connecting to MongoDB: Invalid scheme, expected connection string to start with \"mongodb://\" or \"mongodb+srv://\"","stack":"MongoParseError: Invalid scheme, expected connection string to start with \"mongodb://\" or \"mongodb+srv://\"\n    at new ConnectionString (C:\\Users\\user\\OneDrive\\Desktop\\videoTube\\node_modules\\mongodb-connection-string-url\\lib\\index.js:86:19)\n    at parseOptions (C:\\Users\\user\\OneDrive\\Desktop\\videoTube\\node_modules\\mongodb\\lib\\connection_string.js:185:17)\n    at new MongoClient (C:\\Users\\user\\OneDrive\\Desktop\\videoTube\\node_modules\\mongodb\\lib\\mongo_client.js:53:63)\n    at NativeConnection.createClient (C:\\Users\\user\\OneDrive\\Desktop\\videoTube\\node_modules\\mongoose\\lib\\drivers\\node-mongodb-native\\connection.js:312:14)\n    at NativeConnection.openUri (C:\\Users\\user\\OneDrive\\Desktop\\videoTube\\node_modules\\mongoose\\lib\\connection.js:1016:34)\n    at Mongoose.connect (C:\\Users\\user\\OneDrive\\Desktop\\videoTube\\node_modules\\mongoose\\lib\\mongoose.js:446:15)\n    at connectDB (file:///C:/Users/user/OneDrive/Desktop/videoTube/src/db/index.js:11:20)\n    at file:///C:/Users/user/OneDrive/Desktop/videoTube/src/app.js:9:1\n    at ModuleJob.run (node:internal/modules/esm/module_job:222:25)\n    at async ModuleLoader.import (node:internal/modules/esm/loader:323:24)","timestamp":"2024-12-18T10:41:35.666Z"}
{"level":"\u001b[32minfo\u001b[39m","message":"Server started on port 8000","timestamp":"2024-12-18T10:41:35.671Z"}
{"level":"\u001b[31merror\u001b[39m","message":"Error connecting to MongoDB: Invalid scheme, expected connection string to start with \"mongodb://\" or \"mongodb+srv://\"","stack":"MongoParseError: Invalid scheme, expected connection string to start with \"mongodb://\" or \"mongodb+srv://\"\n    at new ConnectionString (C:\\Users\\user\\OneDrive\\Desktop\\videoTube\\node_modules\\mongodb-connection-string-url\\lib\\index.js:86:19)\n    at parseOptions (C:\\Users\\user\\OneDrive\\Desktop\\videoTube\\node_modules\\mongodb\\lib\\connection_string.js:185:17)\n    at new MongoClient (C:\\Users\\user\\OneDrive\\Desktop\\videoTube\\node_modules\\mongodb\\lib\\mongo_client.js:53:63)\n    at NativeConnection.createClient (C:\\Users\\user\\OneDrive\\Desktop\\videoTube\\node_modules\\mongoose\\lib\\drivers\\node-mongodb-native\\connection.js:312:14)\n    at NativeConnection.openUri (C:\\Users\\user\\OneDrive\\Desktop\\videoTube\\node_modules\\mongoose\\lib\\connection.js:1016:34)\n    at Mongoose.connect (C:\\Users\\user\\OneDrive\\Desktop\\videoTube\\node_modules\\mongoose\\lib\\mongoose.js:446:15)\n    at connectDB (file:///C:/Users/user/OneDrive/Desktop/videoTube/src/db/index.js:11:20)\n    at file:///C:/Users/user/OneDrive/Desktop/videoTube/src/app.js:9:1\n    at ModuleJob.run (node:internal/modules/esm/module_job:222:25)\n    at async ModuleLoader.import (node:internal/modules/esm/loader:323:24)","timestamp":"2024-12-18T10:41:37.050Z"}
{"level":"\u001b[32minfo\u001b[39m","message":"Server started on port 8000","timestamp":"2024-12-18T10:41:37.055Z"}
{"level":"\u001b[31merror\u001b[39m","message":"Error connecting to MongoDB: Invalid scheme, expected connection string to start with \"mongodb://\" or \"mongodb+srv://\"","stack":"MongoParseError: Invalid scheme, expected connection string to start with \"mongodb://\" or \"mongodb+srv://\"\n    at new ConnectionString (C:\\Users\\user\\OneDrive\\Desktop\\videoTube\\node_modules\\mongodb-connection-string-url\\lib\\index.js:86:19)\n    at parseOptions (C:\\Users\\user\\OneDrive\\Desktop\\videoTube\\node_modules\\mongodb\\lib\\connection_string.js:185:17)\n    at new MongoClient (C:\\Users\\user\\OneDrive\\Desktop\\videoTube\\node_modules\\mongodb\\lib\\mongo_client.js:53:63)\n    at NativeConnection.createClient (C:\\Users\\user\\OneDrive\\Desktop\\videoTube\\node_modules\\mongoose\\lib\\drivers\\node-mongodb-native\\connection.js:312:14)\n    at NativeConnection.openUri (C:\\Users\\user\\OneDrive\\Desktop\\videoTube\\node_modules\\mongoose\\lib\\connection.js:1016:34)\n    at Mongoose.connect (C:\\Users\\user\\OneDrive\\Desktop\\videoTube\\node_modules\\mongoose\\lib\\mongoose.js:446:15)\n    at connectDB (file:///C:/Users/user/OneDrive/Desktop/videoTube/src/db/index.js:12:20)\n    at file:///C:/Users/user/OneDrive/Desktop/videoTube/src/app.js:9:1\n    at ModuleJob.run (node:internal/modules/esm/module_job:222:25)\n    at async ModuleLoader.import (node:internal/modules/esm/loader:323:24)","timestamp":"2024-12-18T10:41:57.647Z"}
{"level":"\u001b[32minfo\u001b[39m","message":"Server started on port 8000","timestamp":"2024-12-18T10:41:57.652Z"}
{"level":"\u001b[31merror\u001b[39m","message":"Error connecting to MongoDB: Invalid scheme, expected connection string to start with \"mongodb://\" or \"mongodb+srv://\"","stack":"MongoParseError: Invalid scheme, expected connection string to start with \"mongodb://\" or \"mongodb+srv://\"\n    at new ConnectionString (C:\\Users\\user\\OneDrive\\Desktop\\videoTube\\node_modules\\mongodb-connection-string-url\\lib\\index.js:86:19)\n    at parseOptions (C:\\Users\\user\\OneDrive\\Desktop\\videoTube\\node_modules\\mongodb\\lib\\connection_string.js:185:17)\n    at new MongoClient (C:\\Users\\user\\OneDrive\\Desktop\\videoTube\\node_modules\\mongodb\\lib\\mongo_client.js:53:63)\n    at NativeConnection.createClient (C:\\Users\\user\\OneDrive\\Desktop\\videoTube\\node_modules\\mongoose\\lib\\drivers\\node-mongodb-native\\connection.js:312:14)\n    at NativeConnection.openUri (C:\\Users\\user\\OneDrive\\Desktop\\videoTube\\node_modules\\mongoose\\lib\\connection.js:1016:34)\n    at Mongoose.connect (C:\\Users\\user\\OneDrive\\Desktop\\videoTube\\node_modules\\mongoose\\lib\\mongoose.js:446:15)\n    at connectDB (file:///C:/Users/user/OneDrive/Desktop/videoTube/src/db/index.js:12:20)\n    at file:///C:/Users/user/OneDrive/Desktop/videoTube/src/app.js:9:1\n    at ModuleJob.run (node:internal/modules/esm/module_job:222:25)\n    at async ModuleLoader.import (node:internal/modules/esm/loader:323:24)","timestamp":"2024-12-18T10:42:02.187Z"}
{"level":"\u001b[32minfo\u001b[39m","message":"Server started on port 8000","timestamp":"2024-12-18T10:42:02.191Z"}
{"level":"\u001b[31merror\u001b[39m","message":"Error connecting to MongoDB: Invalid scheme, expected connection string to start with \"mongodb://\" or \"mongodb+srv://\"","stack":"MongoParseError: Invalid scheme, expected connection string to start with \"mongodb://\" or \"mongodb+srv://\"\n    at new ConnectionString (C:\\Users\\user\\OneDrive\\Desktop\\videoTube\\node_modules\\mongodb-connection-string-url\\lib\\index.js:86:19)\n    at parseOptions (C:\\Users\\user\\OneDrive\\Desktop\\videoTube\\node_modules\\mongodb\\lib\\connection_string.js:185:17)\n    at new MongoClient (C:\\Users\\user\\OneDrive\\Desktop\\videoTube\\node_modules\\mongodb\\lib\\mongo_client.js:53:63)\n    at NativeConnection.createClient (C:\\Users\\user\\OneDrive\\Desktop\\videoTube\\node_modules\\mongoose\\lib\\drivers\\node-mongodb-native\\connection.js:312:14)\n    at NativeConnection.openUri (C:\\Users\\user\\OneDrive\\Desktop\\videoTube\\node_modules\\mongoose\\lib\\connection.js:1016:34)\n    at Mongoose.connect (C:\\Users\\user\\OneDrive\\Desktop\\videoTube\\node_modules\\mongoose\\lib\\mongoose.js:446:15)\n    at connectDB (file:///C:/Users/user/OneDrive/Desktop/videoTube/src/db/index.js:12:20)\n    at file:///C:/Users/user/OneDrive/Desktop/videoTube/src/app.js:9:1\n    at ModuleJob.run (node:internal/modules/esm/module_job:222:25)\n    at async ModuleLoader.import (node:internal/modules/esm/loader:323:24)","timestamp":"2024-12-18T10:42:17.408Z"}
{"level":"\u001b[32minfo\u001b[39m","message":"Server started on port 8000","timestamp":"2024-12-18T10:42:17.412Z"}
{"level":"\u001b[31merror\u001b[39m","message":"Error connecting to MongoDB: Invalid scheme, expected connection string to start with \"mongodb://\" or \"mongodb+srv://\"","stack":"MongoParseError: Invalid scheme, expected connection string to start with \"mongodb://\" or \"mongodb+srv://\"\n    at new ConnectionString (C:\\Users\\user\\OneDrive\\Desktop\\videoTube\\node_modules\\mongodb-connection-string-url\\lib\\index.js:86:19)\n    at parseOptions (C:\\Users\\user\\OneDrive\\Desktop\\videoTube\\node_modules\\mongodb\\lib\\connection_string.js:185:17)\n    at new MongoClient (C:\\Users\\user\\OneDrive\\Desktop\\videoTube\\node_modules\\mongodb\\lib\\mongo_client.js:53:63)\n    at NativeConnection.createClient (C:\\Users\\user\\OneDrive\\Desktop\\videoTube\\node_modules\\mongoose\\lib\\drivers\\node-mongodb-native\\connection.js:312:14)\n    at NativeConnection.openUri (C:\\Users\\user\\OneDrive\\Desktop\\videoTube\\node_modules\\mongoose\\lib\\connection.js:1016:34)\n    at Mongoose.connect (C:\\Users\\user\\OneDrive\\Desktop\\videoTube\\node_modules\\mongoose\\lib\\mongoose.js:446:15)\n    at connectDB (file:///C:/Users/user/OneDrive/Desktop/videoTube/src/db/index.js:12:20)\n    at file:///C:/Users/user/OneDrive/Desktop/videoTube/src/app.js:9:1\n    at ModuleJob.run (node:internal/modules/esm/module_job:222:25)\n    at async ModuleLoader.import (node:internal/modules/esm/loader:323:24)","timestamp":"2024-12-18T10:42:28.881Z"}
{"level":"\u001b[32minfo\u001b[39m","message":"Server started on port 8000","timestamp":"2024-12-18T10:42:28.885Z"}
{"level":"\u001b[31merror\u001b[39m","message":"Error connecting to MongoDB: Invalid scheme, expected connection string to start with \"mongodb://\" or \"mongodb+srv://\"","stack":"MongoParseError: Invalid scheme, expected connection string to start with \"mongodb://\" or \"mongodb+srv://\"\n    at new ConnectionString (C:\\Users\\user\\OneDrive\\Desktop\\videoTube\\node_modules\\mongodb-connection-string-url\\lib\\index.js:86:19)\n    at parseOptions (C:\\Users\\user\\OneDrive\\Desktop\\videoTube\\node_modules\\mongodb\\lib\\connection_string.js:185:17)\n    at new MongoClient (C:\\Users\\user\\OneDrive\\Desktop\\videoTube\\node_modules\\mongodb\\lib\\mongo_client.js:53:63)\n    at NativeConnection.createClient (C:\\Users\\user\\OneDrive\\Desktop\\videoTube\\node_modules\\mongoose\\lib\\drivers\\node-mongodb-native\\connection.js:312:14)\n    at NativeConnection.openUri (C:\\Users\\user\\OneDrive\\Desktop\\videoTube\\node_modules\\mongoose\\lib\\connection.js:1016:34)\n    at Mongoose.connect (C:\\Users\\user\\OneDrive\\Desktop\\videoTube\\node_modules\\mongoose\\lib\\mongoose.js:446:15)\n    at connectDB (file:///C:/Users/user/OneDrive/Desktop/videoTube/src/db/index.js:14:20)\n    at file:///C:/Users/user/OneDrive/Desktop/videoTube/src/app.js:9:1\n    at ModuleJob.run (node:internal/modules/esm/module_job:222:25)\n    at async ModuleLoader.import (node:internal/modules/esm/loader:323:24)","timestamp":"2024-12-18T10:42:31.078Z"}
{"level":"\u001b[32minfo\u001b[39m","message":"Server started on port 8000","timestamp":"2024-12-18T10:42:31.083Z"}
{"level":"\u001b[31merror\u001b[39m","message":"Error connecting to MongoDB: Invalid scheme, expected connection string to start with \"mongodb://\" or \"mongodb+srv://\"","stack":"MongoParseError: Invalid scheme, expected connection string to start with \"mongodb://\" or \"mongodb+srv://\"\n    at new ConnectionString (C:\\Users\\user\\OneDrive\\Desktop\\videoTube\\node_modules\\mongodb-connection-string-url\\lib\\index.js:86:19)\n    at parseOptions (C:\\Users\\user\\OneDrive\\Desktop\\videoTube\\node_modules\\mongodb\\lib\\connection_string.js:185:17)\n    at new MongoClient (C:\\Users\\user\\OneDrive\\Desktop\\videoTube\\node_modules\\mongodb\\lib\\mongo_client.js:53:63)\n    at NativeConnection.createClient (C:\\Users\\user\\OneDrive\\Desktop\\videoTube\\node_modules\\mongoose\\lib\\drivers\\node-mongodb-native\\connection.js:312:14)\n    at NativeConnection.openUri (C:\\Users\\user\\OneDrive\\Desktop\\videoTube\\node_modules\\mongoose\\lib\\connection.js:1016:34)\n    at Mongoose.connect (C:\\Users\\user\\OneDrive\\Desktop\\videoTube\\node_modules\\mongoose\\lib\\mongoose.js:446:15)\n    at connectDB (file:///C:/Users/user/OneDrive/Desktop/videoTube/src/db/index.js:16:20)\n    at file:///C:/Users/user/OneDrive/Desktop/videoTube/src/app.js:9:1\n    at ModuleJob.run (node:internal/modules/esm/module_job:222:25)\n    at async ModuleLoader.import (node:internal/modules/esm/loader:323:24)","timestamp":"2024-12-18T10:42:32.364Z"}
{"level":"\u001b[32minfo\u001b[39m","message":"Server started on port 8000","timestamp":"2024-12-18T10:42:32.370Z"}
{"level":"\u001b[31merror\u001b[39m","message":"Error connecting to MongoDB: Invalid scheme, expected connection string to start with \"mongodb://\" or \"mongodb+srv://\"","stack":"MongoParseError: Invalid scheme, expected connection string to start with \"mongodb://\" or \"mongodb+srv://\"\n    at new ConnectionString (C:\\Users\\user\\OneDrive\\Desktop\\videoTube\\node_modules\\mongodb-connection-string-url\\lib\\index.js:86:19)\n    at parseOptions (C:\\Users\\user\\OneDrive\\Desktop\\videoTube\\node_modules\\mongodb\\lib\\connection_string.js:185:17)\n    at new MongoClient (C:\\Users\\user\\OneDrive\\Desktop\\videoTube\\node_modules\\mongodb\\lib\\mongo_client.js:53:63)\n    at NativeConnection.createClient (C:\\Users\\user\\OneDrive\\Desktop\\videoTube\\node_modules\\mongoose\\lib\\drivers\\node-mongodb-native\\connection.js:312:14)\n    at NativeConnection.openUri (C:\\Users\\user\\OneDrive\\Desktop\\videoTube\\node_modules\\mongoose\\lib\\connection.js:1016:34)\n    at Mongoose.connect (C:\\Users\\user\\OneDrive\\Desktop\\videoTube\\node_modules\\mongoose\\lib\\mongoose.js:446:15)\n    at connectDB (file:///C:/Users/user/OneDrive/Desktop/videoTube/src/db/index.js:22:20)\n    at file:///C:/Users/user/OneDrive/Desktop/videoTube/src/app.js:9:1\n    at ModuleJob.run (node:internal/modules/esm/module_job:222:25)\n    at async ModuleLoader.import (node:internal/modules/esm/loader:323:24)","timestamp":"2024-12-18T10:43:09.608Z"}
{"level":"\u001b[32minfo\u001b[39m","message":"Server started on port 8000","timestamp":"2024-12-18T10:43:09.613Z"}
{"level":"\u001b[31merror\u001b[39m","message":"Error connecting to MongoDB: Invalid scheme, expected connection string to start with \"mongodb://\" or \"mongodb+srv://\"","stack":"MongoParseError: Invalid scheme, expected connection string to start with \"mongodb://\" or \"mongodb+srv://\"\n    at new ConnectionString (C:\\Users\\user\\OneDrive\\Desktop\\videoTube\\node_modules\\mongodb-connection-string-url\\lib\\index.js:86:19)\n    at parseOptions (C:\\Users\\user\\OneDrive\\Desktop\\videoTube\\node_modules\\mongodb\\lib\\connection_string.js:185:17)\n    at new MongoClient (C:\\Users\\user\\OneDrive\\Desktop\\videoTube\\node_modules\\mongodb\\lib\\mongo_client.js:53:63)\n    at NativeConnection.createClient (C:\\Users\\user\\OneDrive\\Desktop\\videoTube\\node_modules\\mongoose\\lib\\drivers\\node-mongodb-native\\connection.js:312:14)\n    at NativeConnection.openUri (C:\\Users\\user\\OneDrive\\Desktop\\videoTube\\node_modules\\mongoose\\lib\\connection.js:1016:34)\n    at Mongoose.connect (C:\\Users\\user\\OneDrive\\Desktop\\videoTube\\node_modules\\mongoose\\lib\\mongoose.js:446:15)\n    at connectDB (file:///C:/Users/user/OneDrive/Desktop/videoTube/src/db/index.js:22:20)\n    at file:///C:/Users/user/OneDrive/Desktop/videoTube/src/app.js:9:1\n    at ModuleJob.run (node:internal/modules/esm/module_job:222:25)\n    at async ModuleLoader.import (node:internal/modules/esm/loader:323:24)","timestamp":"2024-12-18T10:43:35.916Z"}
{"level":"\u001b[32minfo\u001b[39m","message":"Server started on port 8000","timestamp":"2024-12-18T10:43:35.922Z"}
{"level":"\u001b[31merror\u001b[39m","message":"Error connecting to MongoDB: Invalid scheme, expected connection string to start with \"mongodb://\" or \"mongodb+srv://\"","stack":"MongoParseError: Invalid scheme, expected connection string to start with \"mongodb://\" or \"mongodb+srv://\"\n    at new ConnectionString (C:\\Users\\user\\OneDrive\\Desktop\\videoTube\\node_modules\\mongodb-connection-string-url\\lib\\index.js:86:19)\n    at parseOptions (C:\\Users\\user\\OneDrive\\Desktop\\videoTube\\node_modules\\mongodb\\lib\\connection_string.js:185:17)\n    at new MongoClient (C:\\Users\\user\\OneDrive\\Desktop\\videoTube\\node_modules\\mongodb\\lib\\mongo_client.js:53:63)\n    at NativeConnection.createClient (C:\\Users\\user\\OneDrive\\Desktop\\videoTube\\node_modules\\mongoose\\lib\\drivers\\node-mongodb-native\\connection.js:312:14)\n    at NativeConnection.openUri (C:\\Users\\user\\OneDrive\\Desktop\\videoTube\\node_modules\\mongoose\\lib\\connection.js:1016:34)\n    at Mongoose.connect (C:\\Users\\user\\OneDrive\\Desktop\\videoTube\\node_modules\\mongoose\\lib\\mongoose.js:446:15)\n    at connectDB (file:///C:/Users/user/OneDrive/Desktop/videoTube/src/db/index.js:22:20)\n    at file:///C:/Users/user/OneDrive/Desktop/videoTube/src/app.js:9:1\n    at ModuleJob.run (node:internal/modules/esm/module_job:222:25)\n    at async ModuleLoader.import (node:internal/modules/esm/loader:323:24)","timestamp":"2024-12-18T10:44:33.246Z"}
{"level":"\u001b[32minfo\u001b[39m","message":"Server started on port 8000","timestamp":"2024-12-18T10:44:33.251Z"}
{"level":"\u001b[31merror\u001b[39m","message":"Error connecting to MongoDB: Invalid scheme, expected connection string to start with \"mongodb://\" or \"mongodb+srv://\"","stack":"MongoParseError: Invalid scheme, expected connection string to start with \"mongodb://\" or \"mongodb+srv://\"\n    at new ConnectionString (C:\\Users\\user\\OneDrive\\Desktop\\videoTube\\node_modules\\mongodb-connection-string-url\\lib\\index.js:86:19)\n    at parseOptions (C:\\Users\\user\\OneDrive\\Desktop\\videoTube\\node_modules\\mongodb\\lib\\connection_string.js:185:17)\n    at new MongoClient (C:\\Users\\user\\OneDrive\\Desktop\\videoTube\\node_modules\\mongodb\\lib\\mongo_client.js:53:63)\n    at NativeConnection.createClient (C:\\Users\\user\\OneDrive\\Desktop\\videoTube\\node_modules\\mongoose\\lib\\drivers\\node-mongodb-native\\connection.js:312:14)\n    at NativeConnection.openUri (C:\\Users\\user\\OneDrive\\Desktop\\videoTube\\node_modules\\mongoose\\lib\\connection.js:1016:34)\n    at Mongoose.connect (C:\\Users\\user\\OneDrive\\Desktop\\videoTube\\node_modules\\mongoose\\lib\\mongoose.js:446:15)\n    at connectDB (file:///C:/Users/user/OneDrive/Desktop/videoTube/src/db/index.js:22:20)\n    at file:///C:/Users/user/OneDrive/Desktop/videoTube/src/app.js:9:1\n    at ModuleJob.run (node:internal/modules/esm/module_job:222:25)\n    at async ModuleLoader.import (node:internal/modules/esm/loader:323:24)","timestamp":"2024-12-18T10:49:24.604Z"}
{"level":"\u001b[32minfo\u001b[39m","message":"Server started on port 8000","timestamp":"2024-12-18T10:49:24.608Z"}
{"level":"\u001b[31merror\u001b[39m","message":"Error connecting to MongoDB: Invalid scheme, expected connection string to start with \"mongodb://\" or \"mongodb+srv://\"","stack":"MongoParseError: Invalid scheme, expected connection string to start with \"mongodb://\" or \"mongodb+srv://\"\n    at new ConnectionString (C:\\Users\\user\\OneDrive\\Desktop\\videoTube\\node_modules\\mongodb-connection-string-url\\lib\\index.js:86:19)\n    at parseOptions (C:\\Users\\user\\OneDrive\\Desktop\\videoTube\\node_modules\\mongodb\\lib\\connection_string.js:185:17)\n    at new MongoClient (C:\\Users\\user\\OneDrive\\Desktop\\videoTube\\node_modules\\mongodb\\lib\\mongo_client.js:53:63)\n    at NativeConnection.createClient (C:\\Users\\user\\OneDrive\\Desktop\\videoTube\\node_modules\\mongoose\\lib\\drivers\\node-mongodb-native\\connection.js:312:14)\n    at NativeConnection.openUri (C:\\Users\\user\\OneDrive\\Desktop\\videoTube\\node_modules\\mongoose\\lib\\connection.js:1016:34)\n    at Mongoose.connect (C:\\Users\\user\\OneDrive\\Desktop\\videoTube\\node_modules\\mongoose\\lib\\mongoose.js:446:15)\n    at connectDB (file:///C:/Users/user/OneDrive/Desktop/videoTube/src/db/index.js:22:20)\n    at file:///C:/Users/user/OneDrive/Desktop/videoTube/src/app.js:9:1\n    at ModuleJob.run (node:internal/modules/esm/module_job:222:25)\n    at async ModuleLoader.import (node:internal/modules/esm/loader:323:24)","timestamp":"2024-12-18T10:50:53.499Z"}
{"level":"\u001b[32minfo\u001b[39m","message":"Server started on port 8000","timestamp":"2024-12-18T10:50:53.504Z"}
{"level":"\u001b[31merror\u001b[39m","message":"Error connecting to MongoDB: Invalid scheme, expected connection string to start with \"mongodb://\" or \"mongodb+srv://\"","stack":"MongoParseError: Invalid scheme, expected connection string to start with \"mongodb://\" or \"mongodb+srv://\"\n    at new ConnectionString (C:\\Users\\user\\OneDrive\\Desktop\\videoTube\\node_modules\\mongodb-connection-string-url\\lib\\index.js:86:19)\n    at parseOptions (C:\\Users\\user\\OneDrive\\Desktop\\videoTube\\node_modules\\mongodb\\lib\\connection_string.js:185:17)\n    at new MongoClient (C:\\Users\\user\\OneDrive\\Desktop\\videoTube\\node_modules\\mongodb\\lib\\mongo_client.js:53:63)\n    at NativeConnection.createClient (C:\\Users\\user\\OneDrive\\Desktop\\videoTube\\node_modules\\mongoose\\lib\\drivers\\node-mongodb-native\\connection.js:312:14)\n    at NativeConnection.openUri (C:\\Users\\user\\OneDrive\\Desktop\\videoTube\\node_modules\\mongoose\\lib\\connection.js:1016:34)\n    at Mongoose.connect (C:\\Users\\user\\OneDrive\\Desktop\\videoTube\\node_modules\\mongoose\\lib\\mongoose.js:446:15)\n    at connectDB (file:///C:/Users/user/OneDrive/Desktop/videoTube/src/db/index.js:23:20)\n    at file:///C:/Users/user/OneDrive/Desktop/videoTube/src/app.js:9:1\n    at ModuleJob.run (node:internal/modules/esm/module_job:222:25)\n    at async ModuleLoader.import (node:internal/modules/esm/loader:323:24)","timestamp":"2024-12-18T10:51:22.569Z"}
{"level":"\u001b[32minfo\u001b[39m","message":"Server started on port 8000","timestamp":"2024-12-18T10:51:22.576Z"}
{"level":"\u001b[31merror\u001b[39m","message":"Error connecting to MongoDB: Invalid scheme, expected connection string to start with \"mongodb://\" or \"mongodb+srv://\"","stack":"MongoParseError: Invalid scheme, expected connection string to start with \"mongodb://\" or \"mongodb+srv://\"\n    at new ConnectionString (C:\\Users\\user\\OneDrive\\Desktop\\videoTube\\node_modules\\mongodb-connection-string-url\\lib\\index.js:86:19)\n    at parseOptions (C:\\Users\\user\\OneDrive\\Desktop\\videoTube\\node_modules\\mongodb\\lib\\connection_string.js:185:17)\n    at new MongoClient (C:\\Users\\user\\OneDrive\\Desktop\\videoTube\\node_modules\\mongodb\\lib\\mongo_client.js:53:63)\n    at NativeConnection.createClient (C:\\Users\\user\\OneDrive\\Desktop\\videoTube\\node_modules\\mongoose\\lib\\drivers\\node-mongodb-native\\connection.js:312:14)\n    at NativeConnection.openUri (C:\\Users\\user\\OneDrive\\Desktop\\videoTube\\node_modules\\mongoose\\lib\\connection.js:1016:34)\n    at Mongoose.connect (C:\\Users\\user\\OneDrive\\Desktop\\videoTube\\node_modules\\mongoose\\lib\\mongoose.js:446:15)\n    at connectDB (file:///C:/Users/user/OneDrive/Desktop/videoTube/src/db/index.js:23:20)\n    at file:///C:/Users/user/OneDrive/Desktop/videoTube/src/app.js:9:1\n    at ModuleJob.run (node:internal/modules/esm/module_job:222:25)\n    at async ModuleLoader.import (node:internal/modules/esm/loader:323:24)","timestamp":"2024-12-18T10:51:24.849Z"}
{"level":"\u001b[32minfo\u001b[39m","message":"Server started on port 8000","timestamp":"2024-12-18T10:51:24.854Z"}
{"level":"\u001b[31merror\u001b[39m","message":"Error connecting to MongoDB: Invalid scheme, expected connection string to start with \"mongodb://\" or \"mongodb+srv://\"","stack":"MongoParseError: Invalid scheme, expected connection string to start with \"mongodb://\" or \"mongodb+srv://\"\n    at new ConnectionString (C:\\Users\\user\\OneDrive\\Desktop\\videoTube\\node_modules\\mongodb-connection-string-url\\lib\\index.js:86:19)\n    at parseOptions (C:\\Users\\user\\OneDrive\\Desktop\\videoTube\\node_modules\\mongodb\\lib\\connection_string.js:185:17)\n    at new MongoClient (C:\\Users\\user\\OneDrive\\Desktop\\videoTube\\node_modules\\mongodb\\lib\\mongo_client.js:53:63)\n    at NativeConnection.createClient (C:\\Users\\user\\OneDrive\\Desktop\\videoTube\\node_modules\\mongoose\\lib\\drivers\\node-mongodb-native\\connection.js:312:14)\n    at NativeConnection.openUri (C:\\Users\\user\\OneDrive\\Desktop\\videoTube\\node_modules\\mongoose\\lib\\connection.js:1016:34)\n    at Mongoose.connect (C:\\Users\\user\\OneDrive\\Desktop\\videoTube\\node_modules\\mongoose\\lib\\mongoose.js:446:15)\n    at connectDB (file:///C:/Users/user/OneDrive/Desktop/videoTube/src/db/index.js:23:20)\n    at file:///C:/Users/user/OneDrive/Desktop/videoTube/src/app.js:9:1\n    at ModuleJob.run (node:internal/modules/esm/module_job:222:25)\n    at async ModuleLoader.import (node:internal/modules/esm/loader:323:24)","timestamp":"2024-12-18T10:51:28.938Z"}
{"level":"\u001b[32minfo\u001b[39m","message":"Server started on port 8000","timestamp":"2024-12-18T10:51:28.942Z"}
{"level":"\u001b[32minfo\u001b[39m","message":"Server started on port 8000","timestamp":"2024-12-18T10:52:43.036Z"}
{"level":"\u001b[32minfo\u001b[39m","message":"Connected to MongoDB","timestamp":"2024-12-18T10:52:43.972Z"}
{"level":"\u001b[32minfo\u001b[39m","message":"Server started on port 8000","timestamp":"2024-12-18T10:53:05.588Z"}
{"level":"\u001b[32minfo\u001b[39m","message":"Connected to MongoDB","timestamp":"2024-12-18T10:53:06.290Z"}
{"level":"\u001b[32minfo\u001b[39m","message":"Server started on port 8000","timestamp":"2024-12-18T10:53:24.781Z"}
{"level":"\u001b[32minfo\u001b[39m","message":"Connected to MongoDB","timestamp":"2024-12-18T10:53:25.617Z"}
